[debug] [2019-12-08T10:22:11.068Z] ----------------------------------------------------------------------
[debug] [2019-12-08T10:22:11.070Z] Command:       /Users/kumaki/.nodebrew/node/v13.2.0/bin/node /Users/kumaki/.nodebrew/current/bin/firebase serve
[debug] [2019-12-08T10:22:11.071Z] CLI Version:   7.9.0
[debug] [2019-12-08T10:22:11.071Z] Platform:      darwin
[debug] [2019-12-08T10:22:11.071Z] Node Version:  v13.2.0
[debug] [2019-12-08T10:22:11.072Z] Time:          Sun Dec 08 2019 19:22:11 GMT+0900 (日本標準時)
[debug] [2019-12-08T10:22:11.072Z] ----------------------------------------------------------------------
[debug] [2019-12-08T10:22:11.072Z] 
[debug] [2019-12-08T10:22:11.084Z] > command requires scopes: ["email","openid","https://www.googleapis.com/auth/cloudplatformprojects.readonly","https://www.googleapis.com/auth/firebase","https://www.googleapis.com/auth/cloud-platform"]
[debug] [2019-12-08T10:22:11.085Z] > authorizing via signed-in user
[debug] [2019-12-08T10:22:11.085Z] [iam] checking project gs-chat-282bd for permissions ["firebase.projects.get"]
[debug] [2019-12-08T10:22:11.088Z] > refreshing access token with scopes: ["email","https://www.googleapis.com/auth/cloud-platform","https://www.googleapis.com/auth/cloudplatformprojects.readonly","https://www.googleapis.com/auth/firebase","openid"]
[debug] [2019-12-08T10:22:11.088Z] >>> HTTP REQUEST POST https://www.googleapis.com/oauth2/v3/token  
 <request body omitted>
[debug] [2019-12-08T10:22:11.571Z] <<< HTTP RESPONSE 200
[debug] [2019-12-08T10:22:11.583Z] >>> HTTP REQUEST POST https://cloudresourcemanager.googleapis.com/v1/projects/gs-chat-282bd:testIamPermissions  

[debug] [2019-12-08T10:22:12.633Z] <<< HTTP RESPONSE 200
[debug] [2019-12-08T10:22:12.635Z] >>> HTTP REQUEST GET https://firebase.googleapis.com/v1beta1/projects/gs-chat-282bd  
 
[debug] [2019-12-08T10:22:13.556Z] <<< HTTP RESPONSE 200
[info] 
[info] === Serving from '/Users/kumaki/Desktop/gs_achademy/kadai03/web-start'...
[info] 
[debug] [2019-12-08T10:22:13.563Z] >>> HTTP REQUEST GET https://firebase.googleapis.com/v1beta1/projects/gs-chat-282bd/webApps/-/config  
 
[warn] ⚠  Your requested "node" version "8" doesn't match your global version "13"
[info] ✔  functions: Emulator started at http://localhost:5001
[debug] [2019-12-08T10:22:15.319Z] <<< HTTP RESPONSE 200
[info] i  functions: Watching "/Users/kumaki/Desktop/gs_achademy/kadai03/web-start/functions" for Cloud Functions...
[debug] [2019-12-08T10:22:15.366Z] [worker-~diagnostic~-fc43d8a5-d951-486f-98a7-50a7977457af]: Assigning socketPath: /var/folders/p8/27j6171x1z737f3kyb1nz8vr0000gn/T/fire_emu_28202.sock
[debug] [2019-12-08T10:22:15.367Z] [worker-~diagnostic~-fc43d8a5-d951-486f-98a7-50a7977457af]: BUSY
[info] i  hosting: Serving hosting files from: ./public
[info] ✔  hosting: Local server: http://localhost:5000
[debug] [2019-12-08T10:22:15.961Z] [runtime-status] [28202] Functions runtime initialized. {"cwd":"/Users/kumaki/Desktop/gs_achademy/kadai03/web-start/functions","node_version":"13.2.0"}
[debug] [2019-12-08T10:22:15.962Z] [runtime-status] [28202] Disabled runtime features: {"functions_config_helper":true,"network_filtering":true,"timeout":true,"memory_limiting":true,"admin_stubs":true,"pubsub_emulator":true}
[warn] ⚠  The Cloud Functions emulator requires the module "firebase-admin" to be installed. This package is in your package.json, but it's not available. You probably need to run "npm install" in your functions directory.
[info] i  functions: Your functions could not be parsed due to an issue with your node_modules (see above)
[debug] [2019-12-08T10:22:15.988Z] [worker-~diagnostic~-fc43d8a5-d951-486f-98a7-50a7977457af]: exited
[debug] [2019-12-08T10:22:15.988Z] [worker-~diagnostic~-fc43d8a5-d951-486f-98a7-50a7977457af]: FINISHED
